[Header]
Signature=VISE
Version=0001
RemoveInUseFiles=0
RegistryKeyName=CompuChess 2004
Product Name=CompuChess 2004
[WinNT]
AdminPrivileges=1
[Directories2]
0=C:\Program Files (x86)
count=12
1=C:\Program Files (x86)\CompuChess 2004
2=C:\Program Files (x86)\CompuChess 2004\data
3=C:\Program Files (x86)\CompuChess 2004\help
4=C:\Program Files (x86)\CompuChess 2004\help\images
5=C:\Program Files (x86)\CompuChess 2004\book
6=C:\ProgramData
7=C:\ProgramData\Microsoft
8=C:\ProgramData\Microsoft\Windows
9=C:\ProgramData\Microsoft\Windows\Start Menu
10=C:\ProgramData\Microsoft\Windows\Start Menu\Programs
11=C:\ProgramData\Microsoft\Windows\Start Menu\Programs\CompuChess 2004
[Files]
count=115
0=C:\Program Files (x86)\CompuChess 2004\data\001
1=C:\Program Files (x86)\CompuChess 2004\data\002
2=C:\Program Files (x86)\CompuChess 2004\data\010
3=C:\Program Files (x86)\CompuChess 2004\data\tips.txt
4=C:\Program Files (x86)\CompuChess 2004\help\2d.html
5=C:\Program Files (x86)\CompuChess 2004\help\3ddialog.html
6=C:\Program Files (x86)\CompuChess 2004\help\3d.html
7=C:\Program Files (x86)\CompuChess 2004\help\action.html
8=C:\Program Files (x86)\CompuChess 2004\help\clock.html
9=C:\Program Files (x86)\CompuChess 2004\help\colors.html
10=C:\Program Files (x86)\CompuChess 2004\help\file.html
11=C:\Program Files (x86)\CompuChess 2004\help\display.html
12=C:\Program Files (x86)\CompuChess 2004\help\edit.html
13=C:\Program Files (x86)\CompuChess 2004\help\hint.html
14=C:\Program Files (x86)\CompuChess 2004\help\first.html
15=C:\Program Files (x86)\CompuChess 2004\help\saveload.html
16=C:\Program Files (x86)\CompuChess 2004\help\intro.html
17=C:\Program Files (x86)\CompuChess 2004\help\move.html
18=C:\Program Files (x86)\CompuChess 2004\help\navigate.html
19=C:\Program Files (x86)\CompuChess 2004\help\openingdialog.html
20=C:\Program Files (x86)\CompuChess 2004\help\options.html
21=C:\Program Files (x86)\CompuChess 2004\help\searchlimits.html
22=C:\Program Files (x86)\CompuChess 2004\help\strong.html
23=C:\Program Files (x86)\CompuChess 2004\help\view.html
24=C:\Program Files (x86)\CompuChess 2004\help\index.html
25=C:\Program Files (x86)\CompuChess 2004\help\toolbar.html
26=C:\Program Files (x86)\CompuChess 2004\help\images\3dsetup.gif
27=C:\Program Files (x86)\CompuChess 2004\help\images\back.gif
28=C:\Program Files (x86)\CompuChess 2004\help\images\backall.gif
29=C:\Program Files (x86)\CompuChess 2004\help\images\black.gif
30=C:\Program Files (x86)\CompuChess 2004\help\images\board.gif
31=C:\Program Files (x86)\CompuChess 2004\help\images\clock.gif
32=C:\Program Files (x86)\CompuChess 2004\help\images\colors.gif
33=C:\Program Files (x86)\CompuChess 2004\help\images\disp.gif
34=C:\Program Files (x86)\CompuChess 2004\help\images\extended.gif
35=C:\Program Files (x86)\CompuChess 2004\help\images\foward.gif
36=C:\Program Files (x86)\CompuChess 2004\help\images\fowardall.gif
37=C:\Program Files (x86)\CompuChess 2004\help\images\hint.gif
38=C:\Program Files (x86)\CompuChess 2004\help\images\hintdialog.gif
39=C:\Program Files (x86)\CompuChess 2004\help\images\newfile.gif
40=C:\Program Files (x86)\CompuChess 2004\help\images\no3d.gif
41=C:\Program Files (x86)\CompuChess 2004\help\images\open.gif
42=C:\Program Files (x86)\CompuChess 2004\help\images\opening.gif
43=C:\Program Files (x86)\CompuChess 2004\help\images\pause.gif
44=C:\Program Files (x86)\CompuChess 2004\help\images\play.gif
45=C:\Program Files (x86)\CompuChess 2004\help\images\reset.gif
46=C:\Program Files (x86)\CompuChess 2004\help\images\save.gif
47=C:\Program Files (x86)\CompuChess 2004\help\images\searchlimit.gif
48=C:\Program Files (x86)\CompuChess 2004\help\images\toolbar.gif
49=C:\Program Files (x86)\CompuChess 2004\help\images\zoom.gif
50=C:\Program Files (x86)\CompuChess 2004\help\images\rotate.gif
51=C:\Program Files (x86)\CompuChess 2004\help\images\enlarge.gif
52=C:\Program Files (x86)\CompuChess 2004\Brilliancies.pgn
53=C:\Program Files (x86)\CompuChess 2004\CompuChess.exe
54=C:\Program Files (x86)\CompuChess 2004\book\bk1
55=C:\Program Files (x86)\CompuChess 2004\book\bk2
56=C:\ProgramData\Microsoft\Windows\Start Menu\Programs\CompuChess 2004\CompuChess 2004.lnk
57=C:\ProgramData\Microsoft\Windows\Start Menu\Programs\CompuChess 2004\Remove CompuChess 2004.lnk
58=C:\Program Files (x86)\CompuChess 2004\data\001
59=C:\Program Files (x86)\CompuChess 2004\data\002
60=C:\Program Files (x86)\CompuChess 2004\data\010
61=C:\Program Files (x86)\CompuChess 2004\data\tips.txt
62=C:\Program Files (x86)\CompuChess 2004\help\2d.html
63=C:\Program Files (x86)\CompuChess 2004\help\3ddialog.html
64=C:\Program Files (x86)\CompuChess 2004\help\3d.html
65=C:\Program Files (x86)\CompuChess 2004\help\action.html
66=C:\Program Files (x86)\CompuChess 2004\help\clock.html
67=C:\Program Files (x86)\CompuChess 2004\help\colors.html
68=C:\Program Files (x86)\CompuChess 2004\help\file.html
69=C:\Program Files (x86)\CompuChess 2004\help\display.html
70=C:\Program Files (x86)\CompuChess 2004\help\edit.html
71=C:\Program Files (x86)\CompuChess 2004\help\hint.html
72=C:\Program Files (x86)\CompuChess 2004\help\first.html
73=C:\Program Files (x86)\CompuChess 2004\help\saveload.html
74=C:\Program Files (x86)\CompuChess 2004\help\intro.html
75=C:\Program Files (x86)\CompuChess 2004\help\move.html
76=C:\Program Files (x86)\CompuChess 2004\help\navigate.html
77=C:\Program Files (x86)\CompuChess 2004\help\openingdialog.html
78=C:\Program Files (x86)\CompuChess 2004\help\options.html
79=C:\Program Files (x86)\CompuChess 2004\help\searchlimits.html
80=C:\Program Files (x86)\CompuChess 2004\help\strong.html
81=C:\Program Files (x86)\CompuChess 2004\help\view.html
82=C:\Program Files (x86)\CompuChess 2004\help\index.html
83=C:\Program Files (x86)\CompuChess 2004\help\toolbar.html
84=C:\Program Files (x86)\CompuChess 2004\help\images\3dsetup.gif
85=C:\Program Files (x86)\CompuChess 2004\help\images\back.gif
86=C:\Program Files (x86)\CompuChess 2004\help\images\backall.gif
87=C:\Program Files (x86)\CompuChess 2004\help\images\black.gif
88=C:\Program Files (x86)\CompuChess 2004\help\images\board.gif
89=C:\Program Files (x86)\CompuChess 2004\help\images\clock.gif
90=C:\Program Files (x86)\CompuChess 2004\help\images\colors.gif
91=C:\Program Files (x86)\CompuChess 2004\help\images\disp.gif
92=C:\Program Files (x86)\CompuChess 2004\help\images\extended.gif
93=C:\Program Files (x86)\CompuChess 2004\help\images\foward.gif
94=C:\Program Files (x86)\CompuChess 2004\help\images\fowardall.gif
95=C:\Program Files (x86)\CompuChess 2004\help\images\hint.gif
96=C:\Program Files (x86)\CompuChess 2004\help\images\hintdialog.gif
97=C:\Program Files (x86)\CompuChess 2004\help\images\newfile.gif
98=C:\Program Files (x86)\CompuChess 2004\help\images\no3d.gif
99=C:\Program Files (x86)\CompuChess 2004\help\images\open.gif
100=C:\Program Files (x86)\CompuChess 2004\help\images\opening.gif
101=C:\Program Files (x86)\CompuChess 2004\help\images\pause.gif
102=C:\Program Files (x86)\CompuChess 2004\help\images\play.gif
103=C:\Program Files (x86)\CompuChess 2004\help\images\reset.gif
104=C:\Program Files (x86)\CompuChess 2004\help\images\save.gif
105=C:\Program Files (x86)\CompuChess 2004\help\images\searchlimit.gif
106=C:\Program Files (x86)\CompuChess 2004\help\images\toolbar.gif
107=C:\Program Files (x86)\CompuChess 2004\help\images\zoom.gif
108=C:\Program Files (x86)\CompuChess 2004\help\images\rotate.gif
109=C:\Program Files (x86)\CompuChess 2004\help\images\enlarge.gif
110=C:\Program Files (x86)\CompuChess 2004\Brilliancies.pgn
111=C:\Program Files (x86)\CompuChess 2004\book\bk1
112=C:\Program Files (x86)\CompuChess 2004\book\bk2
113=C:\ProgramData\Microsoft\Windows\Start Menu\Programs\CompuChess 2004\CompuChess 2004.lnk
114=C:\ProgramData\Microsoft\Windows\Start Menu\Programs\CompuChess 2004\Remove CompuChess 2004.lnk
[Shortcuts]
0=C:\Users\owner\Desktop\COMPUC~1.LNK
[Strings]
IDS_STRING1=Are you sure you want to completely remove the selected application and all of its components?
IDS_STRING2=Confirm File Deletion
IDS_STRING3=The system indicates that the following shared file is no longer used by any programs.
IDS_STRING4=Remove Shared File?
IDS_STRING5=Uninstall successfully completed.
IDS_STRING6=Uninstall
IDS_STRING7=If any programs are still using this file and it is removed, those programs may not function. Are you sure you want to remove the shared file?
IDS_STRING8=Uninstall was partially successful.
IDS_ADMINPRIVILEGESNEEDED=Administrative privileges are needed to uninstall this software.
IDS_YES=&Yes
IDS_NO=&No
IDS_YESTOALL=Yes to &All
IDS_REMOVINGFILE=Removing File:
